# JRE version: Java(TM) SE Runtime Environment (8.0_102-b14) (build 1.8.0_102-b14)
# Java VM: Java HotSpot(TM) 64-Bit Server VM (25.102-b14 mixed mode windows-amd64 compressed oops)
Heap:
 PSYoungGen      total 81408K, used 66077K [0x00000000e5580000, 0x00000000eb000000, 0x0000000100000000)
  eden space 75264K, 86% used [0x00000000e5580000,0x00000000e9547638,0x00000000e9f00000)
  from space 6144K, 12% used [0x00000000eaa00000,0x00000000eaac0000,0x00000000eb000000)
  to   space 8704K, 0% used [0x00000000e9f00000,0x00000000e9f00000,0x00000000ea780000)
 ParOldGen       total 109056K, used 59433K [0x00000000b0000000, 0x00000000b6a80000, 0x00000000e5580000)
  object space 109056K, 54% used [0x00000000b0000000,0x00000000b3a0a7d0,0x00000000b6a80000)
 Metaspace       used 74166K, capacity 75436K, committed 75696K, reserved 1116160K
  class space    used 8531K, capacity 8832K, committed 8880K, reserved 1048576K
GC Heap History (10 events):
Event: 11682.452 GC heap before
{Heap before GC invocations=97 (full 5):
 PSYoungGen      total 86528K, used 86096K [0x00000000e5580000, 0x00000000ebf00000, 0x0000000100000000)
  eden space 85504K, 100% used [0x00000000e5580000,0x00000000ea900000,0x00000000ea900000)
  from space 1024K, 57% used [0x00000000eab80000,0x00000000eac14010,0x00000000eac80000)
  to   space 11264K, 0% used [0x00000000eb400000,0x00000000eb400000,0x00000000ebf00000)
 ParOldGen       total 109056K, used 59361K [0x00000000b0000000, 0x00000000b6a80000, 0x00000000e5580000)
  object space 109056K, 54% used [0x00000000b0000000,0x00000000b39f87c0,0x00000000b6a80000)
 Metaspace       used 74031K, capacity 75248K, committed 75440K, reserved 1116160K
  class space    used 8520K, capacity 8812K, committed 8880K, reserved 1048576K
Event: 11682.460 GC heap after
Heap after GC invocations=97 (full 5):
 PSYoungGen      total 91648K, used 720K [0x00000000e5580000, 0x00000000ebc00000, 0x0000000100000000)
  eden space 83456K, 0% used [0x00000000e5580000,0x00000000e5580000,0x00000000ea700000)
  from space 8192K, 8% used [0x00000000eb400000,0x00000000eb4b4010,0x00000000ebc00000)
  to   space 10752K, 0% used [0x00000000ea700000,0x00000000ea700000,0x00000000eb180000)
 ParOldGen       total 109056K, used 59377K [0x00000000b0000000, 0x00000000b6a80000, 0x00000000e5580000)
  object space 109056K, 54% used [0x00000000b0000000,0x00000000b39fc7c0,0x00000000b6a80000)
 Metaspace       used 74031K, capacity 75248K, committed 75440K, reserved 1116160K
  class space    used 8520K, capacity 8812K, committed 8880K, reserved 1048576K
}
Event: 11758.131 GC heap before
{Heap before GC invocations=98 (full 5):
 PSYoungGen      total 91648K, used 84176K [0x00000000e5580000, 0x00000000ebc00000, 0x0000000100000000)
  eden space 83456K, 100% used [0x00000000e5580000,0x00000000ea700000,0x00000000ea700000)
  from space 8192K, 8% used [0x00000000eb400000,0x00000000eb4b4010,0x00000000ebc00000)
  to   space 10752K, 0% used [0x00000000ea700000,0x00000000ea700000,0x00000000eb180000)
 ParOldGen       total 109056K, used 59377K [0x00000000b0000000, 0x00000000b6a80000, 0x00000000e5580000)
  object space 109056K, 54% used [0x00000000b0000000,0x00000000b39fc7c0,0x00000000b6a80000)
 Metaspace       used 74036K, capacity 75248K, committed 75440K, reserved 1116160K
  class space    used 8520K, capacity 8812K, committed 8880K, reserved 1048576K
Event: 11758.196 GC heap after
Heap after GC invocations=98 (full 5):
 PSYoungGen      total 82432K, used 656K [0x00000000e5580000, 0x00000000eb900000, 0x0000000100000000)
  eden space 81408K, 0% used [0x00000000e5580000,0x00000000e5580000,0x00000000ea500000)
  from space 1024K, 64% used [0x00000000ea700000,0x00000000ea7a4010,0x00000000ea800000)
  to   space 10240K, 0% used [0x00000000eaf00000,0x00000000eaf00000,0x00000000eb900000)
 ParOldGen       total 109056K, used 59377K [0x00000000b0000000, 0x00000000b6a80000, 0x00000000e5580000)
  object space 109056K, 54% used [0x00000000b0000000,0x00000000b39fc7c0,0x00000000b6a80000)
 Metaspace       used 74036K, capacity 75248K, committed 75440K, reserved 1116160K
  class space    used 8520K, capacity 8812K, committed 8880K, reserved 1048576K
}
Event: 11842.177 GC heap before
{Heap before GC invocations=99 (full 5):
 PSYoungGen      total 82432K, used 82064K [0x00000000e5580000, 0x00000000eb900000, 0x0000000100000000)
  eden space 81408K, 100% used [0x00000000e5580000,0x00000000ea500000,0x00000000ea500000)
  from space 1024K, 64% used [0x00000000ea700000,0x00000000ea7a4010,0x00000000ea800000)
  to   space 10240K, 0% used [0x00000000eaf00000,0x00000000eaf00000,0x00000000eb900000)
 ParOldGen       total 109056K, used 59377K [0x00000000b0000000, 0x00000000b6a80000, 0x00000000e5580000)
  object space 109056K, 54% used [0x00000000b0000000,0x00000000b39fc7c0,0x00000000b6a80000)
 Metaspace       used 74036K, capacity 75248K, committed 75440K, reserved 1116160K
  class space    used 8520K, capacity 8812K, committed 8880K, reserved 1048576K
Event: 11842.195 GC heap after
Heap after GC invocations=99 (full 5):
 PSYoungGen      total 86528K, used 688K [0x00000000e5580000, 0x00000000eb600000, 0x0000000100000000)
  eden space 79360K, 0% used [0x00000000e5580000,0x00000000e5580000,0x00000000ea300000)
  from space 7168K, 9% used [0x00000000eaf00000,0x00000000eafac010,0x00000000eb600000)
  to   space 9728K, 0% used [0x00000000ea300000,0x00000000ea300000,0x00000000eac80000)
 ParOldGen       total 109056K, used 59385K [0x00000000b0000000, 0x00000000b6a80000, 0x00000000e5580000)
  object space 109056K, 54% used [0x00000000b0000000,0x00000000b39fe7c0,0x00000000b6a80000)
 Metaspace       used 74036K, capacity 75248K, committed 75440K, reserved 1116160K
  class space    used 8520K, capacity 8812K, committed 8880K, reserved 1048576K
}
Event: 11883.136 GC heap before
{Heap before GC invocations=100 (full 5):
 PSYoungGen      total 86528K, used 80048K [0x00000000e5580000, 0x00000000eb600000, 0x0000000100000000)
  eden space 79360K, 100% used [0x00000000e5580000,0x00000000ea300000,0x00000000ea300000)
  from space 7168K, 9% used [0x00000000eaf00000,0x00000000eafac010,0x00000000eb600000)
  to   space 9728K, 0% used [0x00000000ea300000,0x00000000ea300000,0x00000000eac80000)
 ParOldGen       total 109056K, used 59385K [0x00000000b0000000, 0x00000000b6a80000, 0x00000000e5580000)
  object space 109056K, 54% used [0x00000000b0000000,0x00000000b39fe7c0,0x00000000b6a80000)
 Metaspace       used 74047K, capacity 75248K, committed 75440K, reserved 1116160K
  class space    used 8520K, capacity 8812K, committed 8880K, reserved 1048576K
Event: 11883.186 GC heap after
Heap after GC invocations=100 (full 5):
 PSYoungGen      total 77824K, used 448K [0x00000000e5580000, 0x00000000eb300000, 0x0000000100000000)
  eden space 77312K, 0% used [0x00000000e5580000,0x00000000e5580000,0x00000000ea100000)
  from space 512K, 87% used [0x00000000ea300000,0x00000000ea370020,0x00000000ea380000)
  to   space 9216K, 0% used [0x00000000eaa00000,0x00000000eaa00000,0x00000000eb300000)
 ParOldGen       total 109056K, used 59401K [0x00000000b0000000, 0x00000000b6a80000, 0x00000000e5580000)
  object space 109056K, 54% used [0x00000000b0000000,0x00000000b3a027c0,0x00000000b6a80000)
 Metaspace       used 74047K, capacity 75248K, committed 75440K, reserved 1116160K
  class space    used 8520K, capacity 8812K, committed 8880K, reserved 1048576K
}
Event: 11955.069 GC heap before
{Heap before GC invocations=101 (full 5):
 PSYoungGen      total 77824K, used 77760K [0x00000000e5580000, 0x00000000eb300000, 0x0000000100000000)
  eden space 77312K, 100% used [0x00000000e5580000,0x00000000ea100000,0x00000000ea100000)
  from space 512K, 87% used [0x00000000ea300000,0x00000000ea370020,0x00000000ea380000)
  to   space 9216K, 0% used [0x00000000eaa00000,0x00000000eaa00000,0x00000000eb300000)
 ParOldGen       total 109056K, used 59401K [0x00000000b0000000, 0x00000000b6a80000, 0x00000000e5580000)
  object space 109056K, 54% used [0x00000000b0000000,0x00000000b3a027c0,0x00000000b6a80000)
 Metaspace       used 74097K, capacity 75282K, committed 75440K, reserved 1116160K
  class space    used 8523K, capacity 8817K, committed 8880K, reserved 1048576K
Event: 11955.077 GC heap after
Heap after GC invocations=101 (full 5):
 PSYoungGen      total 81408K, used 768K [0x00000000e5580000, 0x00000000eb000000, 0x0000000100000000)
  eden space 75264K, 0% used [0x00000000e5580000,0x00000000e5580000,0x00000000e9f00000)
  from space 6144K, 12% used [0x00000000eaa00000,0x00000000eaac0000,0x00000000eb000000)
  to   space 8704K, 0% used [0x00000000e9f00000,0x00000000e9f00000,0x00000000ea780000)
 ParOldGen       total 109056K, used 59433K [0x00000000b0000000, 0x00000000b6a80000, 0x00000000e5580000)
  object space 109056K, 54% used [0x00000000b0000000,0x00000000b3a0a7d0,0x00000000b6a80000)
 Metaspace       used 74097K, capacity 75282K, committed 75440K, reserved 1116160K
  class space    used 8523K, capacity 8817K, committed 8880K, reserved 1048576K
}

